<?xml version="1.0" encoding="UTF-8"?>
<testng-results skipped="0" failed="0" ignored="0" total="1" passed="1">
  <reporter-output>
  </reporter-output>
  <suite name="Default suite" duration-ms="29345" started-at="2019-05-05T15:36:49Z" finished-at="2019-05-05T15:37:18Z">
    <groups>
    </groups>
    <test name="Default test" duration-ms="29345" started-at="2019-05-05T15:36:49Z" finished-at="2019-05-05T15:37:18Z">
      <class name="com.enhanzed.qa.testcases.Topicdetailtest">
        <test-method status="PASS" signature="setup()[pri:0, instance:com.enhanzed.qa.testcases.Topicdetailtest@6093dd95]" name="setup" is-config="true" duration-ms="9969" started-at="2019-05-05T15:36:49Z" finished-at="2019-05-05T15:36:59Z">
          <reporter-output>
          </reporter-output>
        </test-method> <!-- setup -->
        <test-method status="PASS" signature="checktopicpageattributes()[pri:1, instance:com.enhanzed.qa.testcases.Topicdetailtest@6093dd95]" name="checktopicpageattributes" duration-ms="19328" started-at="2019-05-05T15:36:59Z" finished-at="2019-05-05T15:37:18Z">
          <reporter-output>
          </reporter-output>
        </test-method> <!-- checktopicpageattributes -->
      </class> <!-- com.enhanzed.qa.testcases.Topicdetailtest -->
    </test> <!-- Default test -->
  </suite> <!-- Default suite -->
</testng-results>
